<?xml version="1.0" encoding="UTF-8"?>
<testsuite xmlns:xsi="http://www.w3.org/2001/XMLSchema-instance" xsi:noNamespaceSchemaLocation="https://maven.apache.org/surefire/maven-surefire-plugin/xsd/surefire-test-report-3.0.xsd" version="3.0" name="edu.miu.apsd.lab7.Lab6ApplicationTests" time="50.074" tests="1" errors="0" skipped="0" failures="0">
  <properties>
[...]
</properties>
  <testcase name="contextLoads" classname="edu.miu.apsd.lab7.Lab6ApplicationTests" time="1.723">
    <system-out><![CDATA[16:44:40.883 [main] INFO org.springframework.test.context.support.AnnotationConfigContextLoaderUtils -- Could not detect default configuration classes for test class [edu.miu.apsd.lab7.Lab6ApplicationTests]: Lab6ApplicationTests does not declare any static, non-private, non-final, nested classes annotated with @Configuration.
16:44:41.461 [main] INFO org.springframework.boot.test.context.SpringBootTestContextBootstrapper -- Found @SpringBootConfiguration edu.miu.apsd.lab7.Lab7Application for test class edu.miu.apsd.lab7.Lab6ApplicationTests

  .   ____          _            __ _ _
 /\\ / ___'_ __ _ _(_)_ __  __ _ \ \ \ \
( ( )\___ | '_ | '_| | '_ \/ _` | \ \ \ \
 \\/  ___)| |_)| | | | | || (_| |  ) ) ) )
  '  |____| .__|_| |_|_| |_\__, | / / / /
 =========|_|==============|___/=/_/_/_/
 :: Spring Boot ::                (v3.2.4)

2024-04-18T16:44:44.004-05:00  INFO 95392 --- [Lab6] [           main] edu.miu.apsd.lab7.Lab6ApplicationTests   : Starting Lab6ApplicationTests using Java 21.0.2 with PID 95392 (started by lamepic in /Users/lamepic/Documents/School/APSD/Labs/cs489-appsd/lab10/web-api-docker)
2024-04-18T16:44:44.006-05:00  INFO 95392 --- [Lab6] [           main] edu.miu.apsd.lab7.Lab6ApplicationTests   : No active profile set, falling back to 1 default profile: "default"
2024-04-18T16:44:48.504-05:00  INFO 95392 --- [Lab6] [           main] .s.d.r.c.RepositoryConfigurationDelegate : Bootstrapping Spring Data JPA repositories in DEFAULT mode.
2024-04-18T16:44:49.120-05:00  INFO 95392 --- [Lab6] [           main] .s.d.r.c.RepositoryConfigurationDelegate : Finished Spring Data repository scanning in 535 ms. Found 4 JPA repository interfaces.
2024-04-18T16:44:51.628-05:00  INFO 95392 --- [Lab6] [           main] o.hibernate.jpa.internal.util.LogHelper  : HHH000204: Processing PersistenceUnitInfo [name: default]
2024-04-18T16:44:51.932-05:00  INFO 95392 --- [Lab6] [           main] org.hibernate.Version                    : HHH000412: Hibernate ORM core version 6.4.4.Final
2024-04-18T16:44:52.175-05:00  INFO 95392 --- [Lab6] [           main] o.h.c.internal.RegionFactoryInitiator    : HHH000026: Second-level cache disabled
2024-04-18T16:44:53.403-05:00  INFO 95392 --- [Lab6] [           main] o.s.o.j.p.SpringPersistenceUnitInfo      : No LoadTimeWeaver setup: ignoring JPA class transformer
2024-04-18T16:44:53.520-05:00  INFO 95392 --- [Lab6] [           main] com.zaxxer.hikari.HikariDataSource       : HikariPool-1 - Starting...
2024-04-18T16:44:56.423-05:00  INFO 95392 --- [Lab6] [           main] com.zaxxer.hikari.pool.HikariPool        : HikariPool-1 - Added connection org.postgresql.jdbc.PgConnection@53d30d23
2024-04-18T16:44:56.430-05:00  INFO 95392 --- [Lab6] [           main] com.zaxxer.hikari.HikariDataSource       : HikariPool-1 - Start completed.
2024-04-18T16:44:58.279-05:00  WARN 95392 --- [Lab6] [           main] org.hibernate.orm.deprecation            : HHH90000025: PostgreSQLDialect does not need to be specified explicitly using 'hibernate.dialect' (remove the property setting and it will be selected by default)
2024-04-18T16:45:10.228-05:00  INFO 95392 --- [Lab6] [           main] o.h.e.t.j.p.i.JtaPlatformInitiator       : HHH000489: No JTA platform available (set 'hibernate.transaction.jta.platform' to enable JTA platform integration)
2024-04-18T16:45:15.093-05:00  INFO 95392 --- [Lab6] [           main] j.LocalContainerEntityManagerFactoryBean : Initialized JPA EntityManagerFactory for persistence unit 'default'
2024-04-18T16:45:20.886-05:00  INFO 95392 --- [Lab6] [           main] o.s.d.j.r.query.QueryEnhancerFactory     : Hibernate is in classpath; If applicable, HQL parser will be used.
2024-04-18T16:45:26.919-05:00  WARN 95392 --- [Lab6] [           main] JpaBaseConfiguration$JpaWebConfiguration : spring.jpa.open-in-view is enabled by default. Therefore, database queries may be performed during view rendering. Explicitly configure spring.jpa.open-in-view to disable this warning
2024-04-18T16:45:27.911-05:00  INFO 95392 --- [Lab6] [           main] edu.miu.apsd.lab7.Lab6ApplicationTests   : Started Lab6ApplicationTests in 45.313 seconds (process running for 52.17)
]]></system-out>
    <system-err><![CDATA[WARNING: A Java agent has been loaded dynamically (/Users/lamepic/.m2/repository/net/bytebuddy/byte-buddy-agent/1.14.12/byte-buddy-agent-1.14.12.jar)
WARNING: If a serviceability tool is in use, please run with -XX:+EnableDynamicAgentLoading to hide this warning
WARNING: If a serviceability tool is not in use, please run with -Djdk.instrument.traceUsage for more information
WARNING: Dynamic loading of agents will be disallowed by default in a future release
]]></system-err>
  </testcase>
</testsuite>